<?xml version="1.0" encoding="utf-8"?><testsuites name="pytest tests"><testsuite name="pytest" errors="0" failures="0" skipped="0" tests="14" time="13.822" timestamp="2026-09-12T15:45:07.526199+00:00" hostname="agent-env-a6ef1477-5b06-4a72-81ff-36c8d23f3ced"><testcase classname="tests.test_dailyos_api" name="test_auth_me" time="0.583" /><testcase classname="tests.test_dailyos_api" name="test_login_existing" time="0.676" /><testcase classname="tests.test_dailyos_api" name="test_login_bad" time="0.152" /><testcase classname="tests.test_dailyos_api" name="test_unauth_me" time="0.122" /><testcase classname="tests.test_dailyos_api" name="test_daily_crud" time="0.155" /><testcase classname="tests.test_dailyos_api" name="test_books_crud" time="0.298" /><testcase classname="tests.test_dailyos_api" name="test_learning_crud" time="0.238" /><testcase classname="tests.test_dailyos_api" name="test_monitoring_crud" time="0.221" /><testcase classname="tests.test_dailyos_api" name="test_substack_crud" time="0.234" /><testcase classname="tests.test_dailyos_api" name="test_settings" time="0.134" /><testcase classname="tests.test_dailyos_api" name="test_stats" time="0.075" /><testcase classname="tests.test_dailyos_api" name="test_demo_seed_and_clear" time="0.257" /><testcase classname="tests.test_dailyos_api" name="test_ai_summary" time="9.856" /><testcase classname="tests.test_dailyos_api" name="test_daily_delete" time="0.227" /></testsuite></testsuites>